<?xml version="1.0" encoding="UTF-8"?>
<testng-results skipped="0" failed="0" ignored="0" total="10" passed="10">
  <reporter-output>
  </reporter-output>
  <suite name="book-flight-module" duration-ms="27841" started-at="2021-04-08T14:05:53Z" finished-at="2021-04-08T14:06:21Z">
    <groups>
    </groups>
    <test name="book-flight-1" duration-ms="16488" started-at="2021-04-08T14:05:53Z" finished-at="2021-04-08T14:06:10Z">
      <class name="com.newtours.tests.BookFlightTest">
        <test-method status="PASS" signature="setupDriver()[pri:0, instance:com.newtours.tests.BookFlightTest@16c0663d]" name="setupDriver" is-config="true" duration-ms="6237" started-at="2021-04-08T14:05:53Z" finished-at="2021-04-08T14:05:59Z">
          <reporter-output>
          </reporter-output>
        </test-method> <!-- setupDriver -->
        <test-method status="PASS" signature="setupParameters(java.lang.String, java.lang.String)[pri:0, instance:com.newtours.tests.BookFlightTest@16c0663d]" name="setupParameters" is-config="true" duration-ms="21" started-at="2021-04-08T14:05:59Z" depends-on-methods="tests.BaseTest.setupDriver" finished-at="2021-04-08T14:05:59Z">
          <params>
            <param index="0">
              <value>
                <![CDATA[2]]>
              </value>
            </param>
            <param index="1">
              <value>
                <![CDATA[$1169 USD]]>
              </value>
            </param>
          </params>
          <reporter-output>
          </reporter-output>
        </test-method> <!-- setupParameters -->
        <test-method status="PASS" signature="registrationPage()[pri:0, instance:com.newtours.tests.BookFlightTest@16c0663d]" name="registrationPage" duration-ms="5005" started-at="2021-04-08T14:05:59Z" finished-at="2021-04-08T14:06:04Z">
          <reporter-output>
          </reporter-output>
        </test-method> <!-- registrationPage -->
        <test-method status="PASS" signature="registrationConfirmationPage()[pri:0, instance:com.newtours.tests.BookFlightTest@16c0663d]" name="registrationConfirmationPage" duration-ms="442" started-at="2021-04-08T14:06:04Z" depends-on-methods="com.newtours.tests.BookFlightTest.registrationPage" finished-at="2021-04-08T14:06:05Z">
          <reporter-output>
          </reporter-output>
        </test-method> <!-- registrationConfirmationPage -->
        <test-method status="PASS" signature="flightDetailsPage()[pri:0, instance:com.newtours.tests.BookFlightTest@16c0663d]" name="flightDetailsPage" duration-ms="2174" started-at="2021-04-08T14:06:05Z" depends-on-methods="com.newtours.tests.BookFlightTest.registrationConfirmationPage" finished-at="2021-04-08T14:06:07Z">
          <reporter-output>
          </reporter-output>
        </test-method> <!-- flightDetailsPage -->
        <test-method status="PASS" signature="findFlightPage()[pri:0, instance:com.newtours.tests.BookFlightTest@16c0663d]" name="findFlightPage" duration-ms="893" started-at="2021-04-08T14:06:07Z" depends-on-methods="com.newtours.tests.BookFlightTest.flightDetailsPage" finished-at="2021-04-08T14:06:08Z">
          <reporter-output>
          </reporter-output>
        </test-method> <!-- findFlightPage -->
        <test-method status="PASS" signature="FlightconfirmationPage()[pri:0, instance:com.newtours.tests.BookFlightTest@16c0663d]" name="FlightconfirmationPage" duration-ms="692" started-at="2021-04-08T14:06:08Z" depends-on-methods="com.newtours.tests.BookFlightTest.findFlightPage" finished-at="2021-04-08T14:06:09Z">
          <reporter-output>
          </reporter-output>
        </test-method> <!-- FlightconfirmationPage -->
        <test-method status="PASS" signature="tearDown()[pri:0, instance:com.newtours.tests.BookFlightTest@16c0663d]" name="tearDown" is-config="true" duration-ms="954" started-at="2021-04-08T14:06:09Z" finished-at="2021-04-08T14:06:10Z">
          <reporter-output>
          </reporter-output>
        </test-method> <!-- tearDown -->
      </class> <!-- com.newtours.tests.BookFlightTest -->
    </test> <!-- book-flight-1 -->
    <test name="book-flight-2" duration-ms="27841" started-at="2021-04-08T14:05:53Z" finished-at="2021-04-08T14:06:21Z">
      <class name="com.newtours.tests.BookFlightTest">
        <test-method status="PASS" signature="setupDriver()[pri:0, instance:com.newtours.tests.BookFlightTest@6b71769e]" name="setupDriver" is-config="true" duration-ms="20294" started-at="2021-04-08T14:05:53Z" finished-at="2021-04-08T14:06:13Z">
          <reporter-output>
          </reporter-output>
        </test-method> <!-- setupDriver -->
        <test-method status="PASS" signature="setupParameters(java.lang.String, java.lang.String)[pri:0, instance:com.newtours.tests.BookFlightTest@6b71769e]" name="setupParameters" is-config="true" duration-ms="0" started-at="2021-04-08T14:06:13Z" depends-on-methods="tests.BaseTest.setupDriver" finished-at="2021-04-08T14:06:13Z">
          <params>
            <param index="0">
              <value>
                <![CDATA[3]]>
              </value>
            </param>
            <param index="1">
              <value>
                <![CDATA[$1753 USD]]>
              </value>
            </param>
          </params>
          <reporter-output>
          </reporter-output>
        </test-method> <!-- setupParameters -->
        <test-method status="PASS" signature="registrationPage()[pri:0, instance:com.newtours.tests.BookFlightTest@6b71769e]" name="registrationPage" duration-ms="3726" started-at="2021-04-08T14:06:13Z" finished-at="2021-04-08T14:06:17Z">
          <reporter-output>
          </reporter-output>
        </test-method> <!-- registrationPage -->
        <test-method status="PASS" signature="registrationConfirmationPage()[pri:0, instance:com.newtours.tests.BookFlightTest@6b71769e]" name="registrationConfirmationPage" duration-ms="170" started-at="2021-04-08T14:06:17Z" depends-on-methods="com.newtours.tests.BookFlightTest.registrationPage" finished-at="2021-04-08T14:06:17Z">
          <reporter-output>
          </reporter-output>
        </test-method> <!-- registrationConfirmationPage -->
        <test-method status="PASS" signature="flightDetailsPage()[pri:0, instance:com.newtours.tests.BookFlightTest@6b71769e]" name="flightDetailsPage" duration-ms="1825" started-at="2021-04-08T14:06:17Z" depends-on-methods="com.newtours.tests.BookFlightTest.registrationConfirmationPage" finished-at="2021-04-08T14:06:19Z">
          <reporter-output>
          </reporter-output>
        </test-method> <!-- flightDetailsPage -->
        <test-method status="PASS" signature="findFlightPage()[pri:0, instance:com.newtours.tests.BookFlightTest@6b71769e]" name="findFlightPage" duration-ms="676" started-at="2021-04-08T14:06:19Z" depends-on-methods="com.newtours.tests.BookFlightTest.flightDetailsPage" finished-at="2021-04-08T14:06:20Z">
          <reporter-output>
          </reporter-output>
        </test-method> <!-- findFlightPage -->
        <test-method status="PASS" signature="FlightconfirmationPage()[pri:0, instance:com.newtours.tests.BookFlightTest@6b71769e]" name="FlightconfirmationPage" duration-ms="418" started-at="2021-04-08T14:06:20Z" depends-on-methods="com.newtours.tests.BookFlightTest.findFlightPage" finished-at="2021-04-08T14:06:20Z">
          <reporter-output>
          </reporter-output>
        </test-method> <!-- FlightconfirmationPage -->
        <test-method status="PASS" signature="tearDown()[pri:0, instance:com.newtours.tests.BookFlightTest@6b71769e]" name="tearDown" is-config="true" duration-ms="717" started-at="2021-04-08T14:06:20Z" finished-at="2021-04-08T14:06:21Z">
          <reporter-output>
          </reporter-output>
        </test-method> <!-- tearDown -->
      </class> <!-- com.newtours.tests.BookFlightTest -->
    </test> <!-- book-flight-2 -->
  </suite> <!-- book-flight-module -->
</testng-results>
